[35m[1mScanning dependencies of target std_msgs_generate_messages_py[0m
[35m[1mScanning dependencies of target _simple_parking_maneuver_generate_messages_check_deps_ParkingManeuver[0m
[35m[1mScanning dependencies of target std_msgs_generate_messages_lisp[0m
[35m[1mScanning dependencies of target std_msgs_generate_messages_eus[0m
[  0%] Built target std_msgs_generate_messages_eus
[  0%] Built target std_msgs_generate_messages_lisp
[  0%] Built target std_msgs_generate_messages_py
[35m[1mScanning dependencies of target std_msgs_generate_messages_cpp[0m
[35m[1mScanning dependencies of target std_msgs_generate_messages_nodejs[0m
[  0%] Built target std_msgs_generate_messages_cpp
[  0%] Built target std_msgs_generate_messages_nodejs
[  0%] Built target _simple_parking_maneuver_generate_messages_check_deps_ParkingManeuver
[35m[1mScanning dependencies of target simple_parking_maneuver_generate_messages_lisp[0m
[35m[1mScanning dependencies of target simple_parking_maneuver_generate_messages_eus[0m
[35m[1mScanning dependencies of target simple_parking_maneuver_generate_messages_cpp[0m
[35m[1mScanning dependencies of target simple_parking_maneuver_generate_messages_py[0m
[ 14%] [34m[1mGenerating EusLisp code from simple_parking_maneuver/ParkingManeuver.srv[0m
[ 28%] [34m[1mGenerating Lisp code from simple_parking_maneuver/ParkingManeuver.srv[0m
[ 42%] [34m[1mGenerating Python code from SRV simple_parking_maneuver/ParkingManeuver[0m
[ 57%] [34m[1mGenerating C++ code from simple_parking_maneuver/ParkingManeuver.srv[0m
[ 57%] Built target simple_parking_maneuver_generate_messages_lisp
[ 71%] [34m[1mGenerating EusLisp manifest code for simple_parking_maneuver[0m
[35m[1mScanning dependencies of target simple_parking_maneuver_generate_messages_nodejs[0m
[ 85%] [34m[1mGenerating Javascript code from simple_parking_maneuver/ParkingManeuver.srv[0m
[ 85%] Built target simple_parking_maneuver_generate_messages_nodejs
[100%] [34m[1mGenerating Python srv __init__.py for simple_parking_maneuver[0m
[100%] Built target simple_parking_maneuver_generate_messages_cpp
[100%] Built target simple_parking_maneuver_generate_messages_py
[100%] Built target simple_parking_maneuver_generate_messages_eus
[35m[1mScanning dependencies of target simple_parking_maneuver_generate_messages[0m
[100%] Built target simple_parking_maneuver_generate_messages
